C:\USERS\MAYBE\DOCUMENTS\VISUAL STUDIO 2012\PROJECTS\PROJ2\PROJ2\DEBUG\VC110.PDB
C:\USERS\MAYBE\DOCUMENTS\VISUAL STUDIO 2012\PROJECTS\PROJ2\PROJ2\DEBUG\BUG.OBJ
C:\USERS\MAYBE\DOCUMENTS\VISUAL STUDIO 2012\PROJECTS\PROJ2\PROJ2\DEBUG\SCENE.OBJ
C:\USERS\MAYBE\DOCUMENTS\VISUAL STUDIO 2012\PROJECTS\PROJ2\PROJ2\DEBUG\CRITTER.OBJ
C:\USERS\MAYBE\DOCUMENTS\VISUAL STUDIO 2012\PROJECTS\PROJ2\PROJ2\DEBUG\OBSTACLE.OBJ
C:\USERS\MAYBE\DOCUMENTS\VISUAL STUDIO 2012\PROJECTS\PROJ2\PROJ2\DEBUG\PROJ2.OBJ
C:\USERS\MAYBE\DOCUMENTS\VISUAL STUDIO 2012\PROJECTS\PROJ2\PROJ2\DEBUG\STDAFX.OBJ
C:\USERS\MAYBE\DOCUMENTS\VISUAL STUDIO 2012\PROJECTS\PROJ2\PROJ2\DEBUG\TREE.OBJ
C:\USERS\MAYBE\DOCUMENTS\VISUAL STUDIO 2012\PROJECTS\PROJ2\PROJ2\DEBUG\WORLDVIEW.OBJ
C:\USERS\MAYBE\DOCUMENTS\VISUAL STUDIO 2012\PROJECTS\PROJ2\PROJ2\DEBUG\TREEPART.OBJ
C:\USERS\MAYBE\DOCUMENTS\VISUAL STUDIO 2012\PROJECTS\PROJ2\DEBUG\PROJ2.ILK
C:\USERS\MAYBE\DOCUMENTS\VISUAL STUDIO 2012\PROJECTS\PROJ2\DEBUG\PROJ2.EXE
C:\USERS\MAYBE\DOCUMENTS\VISUAL STUDIO 2012\PROJECTS\PROJ2\DEBUG\PROJ2.PDB
C:\Users\Maybe\Documents\Visual Studio 2012\Projects\Proj2\Proj2\Debug\Bug.obj
C:\Users\Maybe\Documents\Visual Studio 2012\Projects\Proj2\Proj2\Debug\Critter.obj
C:\Users\Maybe\Documents\Visual Studio 2012\Projects\Proj2\Proj2\Debug\Obstacle.obj
C:\Users\Maybe\Documents\Visual Studio 2012\Projects\Proj2\Proj2\Debug\Proj2.obj
C:\Users\Maybe\Documents\Visual Studio 2012\Projects\Proj2\Proj2\Debug\Scene.obj
C:\Users\Maybe\Documents\Visual Studio 2012\Projects\Proj2\Proj2\Debug\stdafx.obj
C:\Users\Maybe\Documents\Visual Studio 2012\Projects\Proj2\Proj2\Debug\Tree.obj
C:\Users\Maybe\Documents\Visual Studio 2012\Projects\Proj2\Proj2\Debug\TreePart.obj
C:\Users\Maybe\Documents\Visual Studio 2012\Projects\Proj2\Proj2\Debug\WorldView.obj
C:\Users\Maybe\Documents\Visual Studio 2012\Projects\Proj2\Proj2\Debug\cl.command.1.tlog
C:\Users\Maybe\Documents\Visual Studio 2012\Projects\Proj2\Proj2\Debug\CL.read.1.tlog
C:\Users\Maybe\Documents\Visual Studio 2012\Projects\Proj2\Proj2\Debug\CL.write.1.tlog
C:\Users\Maybe\Documents\Visual Studio 2012\Projects\Proj2\Proj2\Debug\link-cvtres.read.1.tlog
C:\Users\Maybe\Documents\Visual Studio 2012\Projects\Proj2\Proj2\Debug\link-cvtres.write.1.tlog
C:\Users\Maybe\Documents\Visual Studio 2012\Projects\Proj2\Proj2\Debug\link-rc.read.1.tlog
C:\Users\Maybe\Documents\Visual Studio 2012\Projects\Proj2\Proj2\Debug\link-rc.write.1.tlog
C:\Users\Maybe\Documents\Visual Studio 2012\Projects\Proj2\Proj2\Debug\link.1804-cvtres.read.1.tlog
C:\Users\Maybe\Documents\Visual Studio 2012\Projects\Proj2\Proj2\Debug\link.1804-cvtres.write.1.tlog
C:\Users\Maybe\Documents\Visual Studio 2012\Projects\Proj2\Proj2\Debug\link.1804-rc.read.1.tlog
C:\Users\Maybe\Documents\Visual Studio 2012\Projects\Proj2\Proj2\Debug\link.1804-rc.write.1.tlog
C:\Users\Maybe\Documents\Visual Studio 2012\Projects\Proj2\Proj2\Debug\link.1804.read.1.tlog
C:\Users\Maybe\Documents\Visual Studio 2012\Projects\Proj2\Proj2\Debug\link.1804.write.1.tlog
C:\Users\Maybe\Documents\Visual Studio 2012\Projects\Proj2\Proj2\Debug\link.command.1.tlog
C:\Users\Maybe\Documents\Visual Studio 2012\Projects\Proj2\Proj2\Debug\link.read.1.tlog
C:\Users\Maybe\Documents\Visual Studio 2012\Projects\Proj2\Proj2\Debug\link.write.1.tlog
C:\Users\Maybe\Documents\Visual Studio 2012\Projects\Proj2\Proj2\Debug\vc110.idb
C:\Users\Maybe\Documents\Visual Studio 2012\Projects\Proj2\Proj2\Debug\vc110.pdb
C:\Users\Maybe\Documents\Visual Studio 2012\Projects\Proj2\Debug\Proj2.pdb
C:\Users\Maybe\Documents\Visual Studio 2012\Projects\Proj2\Debug\Proj2.exe
C:\Users\Maybe\Documents\Visual Studio 2012\Projects\Proj2\Debug\Proj2.ilk
